<?xml version="1.0" encoding="UTF-8"?>
<testng-results ignored="0" total="1" passed="1" failed="0" skipped="0">
  <reporter-output>
  </reporter-output>
  <suite started-at="2024-10-21T11:25:12 IST" name="Default suite" finished-at="2024-10-21T11:25:21 IST" duration-ms="8899">
    <groups>
    </groups>
    <test started-at="2024-10-21T11:25:12 IST" name="Default test" finished-at="2024-10-21T11:25:21 IST" duration-ms="8899">
      <class name="CalculatorAutomation.NotepadApp">
        <test-method is-config="true" signature="setUp()[pri:0, instance:CalculatorAutomation.NotepadApp@67d48005]" started-at="2024-10-21T11:25:12 IST" name="setUp" finished-at="2024-10-21T11:25:16 IST" duration-ms="4340" status="PASS">
          <reporter-output>
          </reporter-output>
        </test-method> <!-- setUp -->
        <test-method signature="NotepadSave()[pri:0, instance:CalculatorAutomation.NotepadApp@67d48005]" started-at="2024-10-21T11:25:16 IST" name="NotepadSave" finished-at="2024-10-21T11:25:21 IST" duration-ms="4500" status="PASS">
          <reporter-output>
          </reporter-output>
        </test-method> <!-- NotepadSave -->
        <test-method is-config="true" signature="CloseUp()[pri:0, instance:CalculatorAutomation.NotepadApp@67d48005]" started-at="2024-10-21T11:25:21 IST" name="CloseUp" finished-at="2024-10-21T11:25:21 IST" duration-ms="19" status="PASS">
          <reporter-output>
          </reporter-output>
        </test-method> <!-- CloseUp -->
      </class> <!-- CalculatorAutomation.NotepadApp -->
    </test> <!-- Default test -->
  </suite> <!-- Default suite -->
</testng-results>
